@0000000000000000
6A8068403A406A806840660C640B620A
F4F4F4F4F4F4012000A000200FFF6CC0
00000000000000000000000000001111
F4F4F4F4F4F4F4F4F4F4F4F4F4F4F4F4
F4F4F4F4F4F4F4F4F4F4F4F4F4F4F4F4
F4F4F4F4F4F4F4F4F4F4F4F4F4F4F4F4
F4F4F4F4F4F4F4F4F4F4F4F4F4F4F4F4
F4F4F4F4F4F4F4F4F4F4F4F4F4F4F4F4
F4F4F4F4F4F4F4F4F4F4F4F4F4F4F4F4
F4F4F4F4F4F4F4F4F4F4F4F4F4F4F4F4
00000000000000000000000000002222
F4F4F4F4F4F4F4F4F4F4F4F4F4F4F4F4
F4F4F4F4F4F4F4F4F4F4F4F4F4F4F4F4
F4F4F4F4F4F4F4F4F4F4F4F4F4F4F4F4
F4F4F4F4F4F4F4F4F4F4F4F4F4F4F4F4
F4F4F4F4F4F4F4F4F4F4F4F4F4F4F4F4
F4F4F4F4F4F4F4F4F4F4F4F4F4F4F4F4
F4F4F4F4F4F4F4F4F4F4F4F4F4F4F4F4
00000000000000000000000000003333
