@0000000000000000
0FFF68407A406A806840660A64096208
F4F4F4F4F4F4F4F4F4F4012000A00020
00000000000000000000000000001111
F4F4F4F4F4F4F4F4F4F4F4F4F4F4F4F4
F4F4F4F4F4F4F4F4F4F4F4F4F4F4F4F4
F4F4F4F4F4F4F4F4F4F4F4F4F4F4F4F4
F4F4F4F4F4F4F4F4F4F4F4F4F4F4F4F4
F4F4F4F4F4F4F4F4F4F4F4F4F4F4F4F4
F4F4F4F4F4F4F4F4F4F4F4F4F4F4F4F4
F4F4F4F4F4F4F4F4F4F4F4F4F4F4F4F4
00000000000000000000000000002222
F4F4F4F4F4F4F4F4F4F4F4F4F4F4F4F4
F4F4F4F4F4F4F4F4F4F4F4F4F4F4F4F4
F4F4F4F4F4F4F4F4F4F4F4F4F4F4F4F4
F4F4F4F4F4F4F4F4F4F4F4F4F4F4F4F4
F4F4F4F4F4F4F4F4F4F4F4F4F4F4F4F4
F4F4F4F4F4F4F4F4F4F4F4F4F4F4F4F4
F4F4F4F4F4F4F4F4F4F4F4F4F4F4F4F4
00000000000000000000000000003333
